<?xml version="1.0" encoding="UTF-8"?>
<!-- Generated by org.testng.reporters.JUnitReportReporter -->
<testsuite hostname="DESKTOP-UPJ4O7I" failures="0" tests="1" name="Com.Ecommers.TestCases.TC_BrokenLinks_TestCases" time="144.736" errors="0" timestamp="2023-07-24T23:38:45 IST" skipped="0">
  <testcase classname="Com.Ecommers.TestCases.TC_BrokenLinks_TestCases" name="TestMethod" time="144.736"/>
  <system-out/>
</testsuite> <!-- Com.Ecommers.TestCases.TC_BrokenLinks_TestCases -->
