<?xml version="1.0" encoding="UTF-8"?>
<!-- Generated by org.testng.reporters.JUnitReportReporter -->
<testsuite hostname="DESKTOP-UPJ4O7I" failures="0" tests="1" name="Com.Ecommers.BaseClass.New_test" time="0.073" errors="0" timestamp="2023-07-19T15:42:14 IST" skipped="0">
  <testcase classname="Com.Ecommers.BaseClass.New_test" name="demo" time="0.073"/>
  <system-out/>
</testsuite> <!-- Com.Ecommers.BaseClass.New_test -->
